Started GET "/" for ::1 at 2023-04-04 20:30:53 +0600
Processing by Rails::WelcomeController#index as HTML
  Rendering /home/utsargoroy/.rvm/gems/ruby-3.2.1/gems/railties-7.0.4.3/lib/rails/templates/rails/welcome/index.html.erb
  Rendered /home/utsargoroy/.rvm/gems/ruby-3.2.1/gems/railties-7.0.4.3/lib/rails/templates/rails/welcome/index.html.erb (Duration: 3.0ms | Allocations: 634)
Completed 200 OK in 30ms (Views: 13.3ms | ActiveRecord: 0.0ms | Allocations: 5335)


Started GET "/" for ::1 at 2023-04-04 20:32:33 +0600
Processing by Rails::WelcomeController#index as HTML
  Rendering /home/utsargoroy/.rvm/gems/ruby-3.2.1/gems/railties-7.0.4.3/lib/rails/templates/rails/welcome/index.html.erb
  Rendered /home/utsargoroy/.rvm/gems/ruby-3.2.1/gems/railties-7.0.4.3/lib/rails/templates/rails/welcome/index.html.erb (Duration: 1.1ms | Allocations: 275)
Completed 200 OK in 4ms (Views: 2.3ms | ActiveRecord: 0.0ms | Allocations: 838)


Started GET "/hello" for ::1 at 2023-04-04 20:32:49 +0600
  
ActionController::RoutingError (No route matches [GET] "/hello"):
  
Started GET "/pages/hello" for ::1 at 2023-04-04 20:35:16 +0600
Processing by PagesController#hello as HTML
  Rendering layout layouts/application.html.erb
  Rendering pages/hello.html.erb within layouts/application
  Rendered pages/hello.html.erb within layouts/application (Duration: 0.5ms | Allocations: 103)
  Rendered layout layouts/application.html.erb (Duration: 286.5ms | Allocations: 87134)
Completed 200 OK in 289ms (Views: 288.3ms | ActiveRecord: 0.0ms | Allocations: 87951)


Started GET "/" for ::1 at 2023-04-04 20:35:39 +0600
Processing by PagesController#hello as HTML
  Rendering layout layouts/application.html.erb
  Rendering pages/hello.html.erb within layouts/application
  Rendered pages/hello.html.erb within layouts/application (Duration: 0.0ms | Allocations: 10)
  Rendered layout layouts/application.html.erb (Duration: 18.0ms | Allocations: 13228)
Completed 200 OK in 20ms (Views: 19.2ms | ActiveRecord: 0.0ms | Allocations: 13751)


